# JRE version: OpenJDK Runtime Environment (8.0_112-b06) (build 1.8.0_112-release-b06)
# Java VM: OpenJDK 64-Bit Server VM (25.112-b06 mixed mode windows-amd64 compressed oops)
Heap:
 PSYoungGen      total 405504K, used 130598K [0x00000000e0000000, 0x00000000fab80000, 0x0000000100000000)
  eden space 375808K, 34% used [0x00000000e0000000,0x00000000e7e9d828,0x00000000f6f00000)
  from space 29696K, 3% used [0x00000000f6f00000,0x00000000f6fec248,0x00000000f8c00000)
  to   space 26624K, 0% used [0x00000000f8c00000,0x00000000f8c00000,0x00000000fa600000)
 ParOldGen       total 334336K, used 147023K [0x00000000a0000000, 0x00000000b4680000, 0x00000000e0000000)
  object space 334336K, 43% used [0x00000000a0000000,0x00000000a8f93c78,0x00000000b4680000)
 Metaspace       used 70860K, capacity 73662K, committed 74968K, reserved 1114112K
  class space    used 9053K, capacity 9496K, committed 9944K, reserved 1048576K
GC Heap History (10 events):
Event: 4558.289 GC heap before
{Heap before GC invocations=26 (full 4):
 PSYoungGen      total 252928K, used 225941K [0x00000000e0000000, 0x00000000f5980000, 0x0000000100000000)
  eden space 223744K, 98% used [0x00000000e0000000,0x00000000ed7f4f08,0x00000000eda80000)
  from space 29184K, 16% used [0x00000000eda80000,0x00000000edf305c0,0x00000000ef700000)
  to   space 29184K, 0% used [0x00000000f3d00000,0x00000000f3d00000,0x00000000f5980000)
 ParOldGen       total 307712K, used 135111K [0x00000000a0000000, 0x00000000b2c80000, 0x00000000e0000000)
  object space 307712K, 43% used [0x00000000a0000000,0x00000000a83f1f28,0x00000000b2c80000)
 Metaspace       used 70116K, capacity 72592K, committed 74200K, reserved 1114112K
  class space    used 9015K, capacity 9441K, committed 9944K, reserved 1048576K
Event: 4558.332 GC heap after
Heap after GC invocations=26 (full 4):
 PSYoungGen      total 314368K, used 10204K [0x00000000e0000000, 0x00000000f5300000, 0x0000000100000000)
  eden space 291840K, 0% used [0x00000000e0000000,0x00000000e0000000,0x00000000f1d00000)
  from space 22528K, 45% used [0x00000000f3d00000,0x00000000f46f7248,0x00000000f5300000)
  to   space 27648K, 0% used [0x00000000f1d00000,0x00000000f1d00000,0x00000000f3800000)
 ParOldGen       total 307712K, used 222095K [0x00000000a0000000, 0x00000000b2c80000, 0x00000000e0000000)
  object space 307712K, 72% used [0x00000000a0000000,0x00000000ad8e3c70,0x00000000b2c80000)
 Metaspace       used 70116K, capacity 72592K, committed 74200K, reserved 1114112K
  class space    used 9015K, capacity 9441K, committed 9944K, reserved 1048576K
}
Event: 4559.310 GC heap before
{Heap before GC invocations=27 (full 4):
 PSYoungGen      total 314368K, used 302044K [0x00000000e0000000, 0x00000000f5300000, 0x0000000100000000)
  eden space 291840K, 100% used [0x00000000e0000000,0x00000000f1d00000,0x00000000f1d00000)
  from space 22528K, 45% used [0x00000000f3d00000,0x00000000f46f7248,0x00000000f5300000)
  to   space 27648K, 0% used [0x00000000f1d00000,0x00000000f1d00000,0x00000000f3800000)
 ParOldGen       total 307712K, used 222095K [0x00000000a0000000, 0x00000000b2c80000, 0x00000000e0000000)
  object space 307712K, 72% used [0x00000000a0000000,0x00000000ad8e3c70,0x00000000b2c80000)
 Metaspace       used 70205K, capacity 72806K, committed 74200K, reserved 1114112K
  class space    used 9017K, capacity 9444K, committed 9944K, reserved 1048576K
Event: 4559.333 GC heap after
Heap after GC invocations=27 (full 4):
 PSYoungGen      total 319488K, used 7461K [0x00000000e0000000, 0x00000000fa600000, 0x0000000100000000)
  eden space 291840K, 0% used [0x00000000e0000000,0x00000000e0000000,0x00000000f1d00000)
  from space 27648K, 26% used [0x00000000f1d00000,0x00000000f24494a8,0x00000000f3800000)
  to   space 26624K, 0% used [0x00000000f8c00000,0x00000000f8c00000,0x00000000fa600000)
 ParOldGen       total 307712K, used 222095K [0x00000000a0000000, 0x00000000b2c80000, 0x00000000e0000000)
  object space 307712K, 72% used [0x00000000a0000000,0x00000000ad8e3c70,0x00000000b2c80000)
 Metaspace       used 70205K, capacity 72806K, committed 74200K, reserved 1114112K
  class space    used 9017K, capacity 9444K, committed 9944K, reserved 1048576K
}
Event: 4561.712 GC heap before
{Heap before GC invocations=28 (full 4):
 PSYoungGen      total 319488K, used 288933K [0x00000000e0000000, 0x00000000fa600000, 0x0000000100000000)
  eden space 291840K, 96% used [0x00000000e0000000,0x00000000f12e0170,0x00000000f1d00000)
  from space 27648K, 26% used [0x00000000f1d00000,0x00000000f24494a8,0x00000000f3800000)
  to   space 26624K, 0% used [0x00000000f8c00000,0x00000000f8c00000,0x00000000fa600000)
 ParOldGen       total 307712K, used 222095K [0x00000000a0000000, 0x00000000b2c80000, 0x00000000e0000000)
  object space 307712K, 72% used [0x00000000a0000000,0x00000000ad8e3c70,0x00000000b2c80000)
 Metaspace       used 70491K, capacity 73108K, committed 74456K, reserved 1114112K
  class space    used 9021K, capacity 9450K, committed 9944K, reserved 1048576K
Event: 4561.774 GC heap after
Heap after GC invocations=28 (full 4):
 PSYoungGen      total 402432K, used 22921K [0x00000000e0000000, 0x00000000fab80000, 0x0000000100000000)
  eden space 375808K, 0% used [0x00000000e0000000,0x00000000e0000000,0x00000000f6f00000)
  from space 26624K, 86% used [0x00000000f8c00000,0x00000000fa2627b0,0x00000000fa600000)
  to   space 29696K, 0% used [0x00000000f6f00000,0x00000000f6f00000,0x00000000f8c00000)
 ParOldGen       total 336896K, used 309078K [0x00000000a0000000, 0x00000000b4900000, 0x00000000e0000000)
  object space 336896K, 91% used [0x00000000a0000000,0x00000000b2dd59b8,0x00000000b4900000)
 Metaspace       used 70491K, capacity 73108K, committed 74456K, reserved 1114112K
  class space    used 9021K, capacity 9450K, committed 9944K, reserved 1048576K
}
Event: 4561.774 GC heap before
{Heap before GC invocations=29 (full 5):
 PSYoungGen      total 402432K, used 22921K [0x00000000e0000000, 0x00000000fab80000, 0x0000000100000000)
  eden space 375808K, 0% used [0x00000000e0000000,0x00000000e0000000,0x00000000f6f00000)
  from space 26624K, 86% used [0x00000000f8c00000,0x00000000fa2627b0,0x00000000fa600000)
  to   space 29696K, 0% used [0x00000000f6f00000,0x00000000f6f00000,0x00000000f8c00000)
 ParOldGen       total 336896K, used 309078K [0x00000000a0000000, 0x00000000b4900000, 0x00000000e0000000)
  object space 336896K, 91% used [0x00000000a0000000,0x00000000b2dd59b8,0x00000000b4900000)
 Metaspace       used 70491K, capacity 73108K, committed 74456K, reserved 1114112K
  class space    used 9021K, capacity 9450K, committed 9944K, reserved 1048576K
Event: 4562.029 GC heap after
Heap after GC invocations=29 (full 5):
 PSYoungGen      total 402432K, used 0K [0x00000000e0000000, 0x00000000fab80000, 0x0000000100000000)
  eden space 375808K, 0% used [0x00000000e0000000,0x00000000e0000000,0x00000000f6f00000)
  from space 26624K, 0% used [0x00000000f8c00000,0x00000000f8c00000,0x00000000fa600000)
  to   space 29696K, 0% used [0x00000000f6f00000,0x00000000f6f00000,0x00000000f8c00000)
 ParOldGen       total 334336K, used 114255K [0x00000000a0000000, 0x00000000b4680000, 0x00000000e0000000)
  object space 334336K, 34% used [0x00000000a0000000,0x00000000a6f93c68,0x00000000b4680000)
 Metaspace       used 70480K, capacity 73094K, committed 74456K, reserved 1114112K
  class space    used 9020K, capacity 9448K, committed 9944K, reserved 1048576K
}
Event: 4659.962 GC heap before
{Heap before GC invocations=30 (full 5):
 PSYoungGen      total 402432K, used 375808K [0x00000000e0000000, 0x00000000fab80000, 0x0000000100000000)
  eden space 375808K, 100% used [0x00000000e0000000,0x00000000f6f00000,0x00000000f6f00000)
  from space 26624K, 0% used [0x00000000f8c00000,0x00000000f8c00000,0x00000000fa600000)
  to   space 29696K, 0% used [0x00000000f6f00000,0x00000000f6f00000,0x00000000f8c00000)
 ParOldGen       total 334336K, used 114255K [0x00000000a0000000, 0x00000000b4680000, 0x00000000e0000000)
  object space 334336K, 34% used [0x00000000a0000000,0x00000000a6f93c68,0x00000000b4680000)
 Metaspace       used 70548K, capacity 73114K, committed 74456K, reserved 1114112K
  class space    used 9023K, capacity 9452K, committed 9944K, reserved 1048576K
Event: 4659.982 GC heap after
Heap after GC invocations=30 (full 5):
 PSYoungGen      total 405504K, used 944K [0x00000000e0000000, 0x00000000fab80000, 0x0000000100000000)
  eden space 375808K, 0% used [0x00000000e0000000,0x00000000e0000000,0x00000000f6f00000)
  from space 29696K, 3% used [0x00000000f6f00000,0x00000000f6fec248,0x00000000f8c00000)
  to   space 26624K, 0% used [0x00000000f8c00000,0x00000000f8c00000,0x00000000fa600000)
 ParOldGen       total 334336K, used 147023K [0x00000000a0000000, 0x00000000b4680000, 0x00000000e0000000)
  object space 334336K, 43% used [0x00000000a0000000,0x00000000a8f93c78,0x00000000b4680000)
 Metaspace       used 70548K, capacity 73114K, committed 74456K, reserved 1114112K
  class space    used 9023K, capacity 9452K, committed 9944K, reserved 1048576K
}

